number of commands: 20
mumber of words: 29

commands table:

______________________________________________________________________
|    cmd:     |   cmd code: |hex argument:|  register:  |   label:    |
|_____________|_____________|_____________|_____________|_____________|
|           in|            4|            0|            0|           -2|
|_____________|_____________|_____________|_____________|_____________|
|       pop ax|           66|         dead|            1|           -2|
|_____________|_____________|_____________|_____________|_____________|
|      push ax|           65|         dead|            1|           -2|
|_____________|_____________|_____________|_____________|_____________|
|   factorial:|           -2|            0|            0|           -2|
|_____________|_____________|_____________|_____________|_____________|
|      push ax|           65|         dead|            1|           -2|
|_____________|_____________|_____________|_____________|_____________|
|       push 1|           33|            1|            0|           -2|
|_____________|_____________|_____________|_____________|_____________|
|          sub|            6|            0|            0|           -2|
|_____________|_____________|_____________|_____________|_____________|
|      push ax|           65|         dead|            1|           -2|
|_____________|_____________|_____________|_____________|_____________|
|       push 1|           33|            1|            0|           -2|
|_____________|_____________|_____________|_____________|_____________|
|          sub|            6|            0|            0|           -2|
|_____________|_____________|_____________|_____________|_____________|
|       pop ax|           66|         dead|            1|           -2|
|_____________|_____________|_____________|_____________|_____________|
|      push ax|           65|         dead|            1|           -2|
|_____________|_____________|_____________|_____________|_____________|
|       push 1|           33|            1|            0|           -2|
|_____________|_____________|_____________|_____________|_____________|
|       je end|           16|         dead|            0|           25|
|_____________|_____________|_____________|_____________|_____________|
|call factorial|           19|         dead|            0|            5|
|_____________|_____________|_____________|_____________|_____________|
|         end:|           -2|            0|            0|           -2|
|_____________|_____________|_____________|_____________|_____________|
|          mul|            7|            0|            0|           -2|
|_____________|_____________|_____________|_____________|_____________|
|          ret|           20|            0|            0|           -2|
|_____________|_____________|_____________|_____________|_____________|
|          out|            3|            0|            0|           -2|
|_____________|_____________|_____________|_____________|_____________|
|          hlt|           -1|            0|            0|           -2|
|_____________|_____________|_____________|_____________|_____________|

labels table:

address: 5 name: factorial:
address: 25 name: end:
address: -2 name: (null)
address: -2 name: (null)
address: -2 name: (null)
address: -2 name: (null)
address: -2 name: (null)
address: -2 name: (null)
address: -2 name: (null)
address: -2 name: (null)
address: -2 name: (null)
address: -2 name: (null)
address: -2 name: (null)
address: -2 name: (null)
address: -2 name: (null)
address: -2 name: (null)
address: -2 name: (null)
address: -2 name: (null)
address: -2 name: (null)
address: -2 name: (null)

output buffer:

4 66 1 65 1 65 1 33 1 6 65 1 33 1 6 66 1 65 1 33 1 16 25 19 5 7 20 3 -1 
number of commands: 107
mumber of words: 165

commands table:

______________________________________________________________________
|    cmd:     |   cmd code: |hex argument:|  register:  |   label:    |
|_____________|_____________|_____________|_____________|_____________|
|           in|            4|            0|            0|           -2|
|_____________|_____________|_____________|_____________|_____________|
|      pop [0]|          162|            0|            0|           -2|
|_____________|_____________|_____________|_____________|_____________|
|           in|            4|            0|            0|           -2|
|_____________|_____________|_____________|_____________|_____________|
|      pop [1]|          162|            1|            0|           -2|
|_____________|_____________|_____________|_____________|_____________|
|           in|            4|            0|            0|           -2|
|_____________|_____________|_____________|_____________|_____________|
|      pop [2]|          162|            2|            0|           -2|
|_____________|_____________|_____________|_____________|_____________|
|       push 3|           33|            3|            0|           -2|
|_____________|_____________|_____________|_____________|_____________|
|      pop [3]|          162|            3|            0|           -2|
|_____________|_____________|_____________|_____________|_____________|
|       push 2|           33|            2|            0|           -2|
|_____________|_____________|_____________|_____________|_____________|
|      pop [4]|          162|            4|            0|           -2|
|_____________|_____________|_____________|_____________|_____________|
|       push 1|           33|            1|            0|           -2|
|_____________|_____________|_____________|_____________|_____________|
|      pop [5]|          162|            5|            0|           -2|
|_____________|_____________|_____________|_____________|_____________|
|       push 0|           33|            0|            0|           -2|
|_____________|_____________|_____________|_____________|_____________|
|      pop [6]|          162|            6|            0|           -2|
|_____________|_____________|_____________|_____________|_____________|
|     push [0]|          161|            0|            0|           -2|
|_____________|_____________|_____________|_____________|_____________|
|       push 0|           33|            0|            0|           -2|
|_____________|_____________|_____________|_____________|_____________|
|   jne label1|           17|         dead|            0|           71|
|_____________|_____________|_____________|_____________|_____________|
|     push [1]|          161|            1|            0|           -2|
|_____________|_____________|_____________|_____________|_____________|
|       push 0|           33|            0|            0|           -2|
|_____________|_____________|_____________|_____________|_____________|
|   jne label2|           17|         dead|            0|           53|
|_____________|_____________|_____________|_____________|_____________|
|     push [2]|          161|            2|            0|           -2|
|_____________|_____________|_____________|_____________|_____________|
|       push 0|           33|            0|            0|           -2|
|_____________|_____________|_____________|_____________|_____________|
|   jne label3|           17|         dead|            0|           48|
|_____________|_____________|_____________|_____________|_____________|
|     push [3]|          161|            3|            0|           -2|
|_____________|_____________|_____________|_____________|_____________|
|          out|            3|            0|            0|           -2|
|_____________|_____________|_____________|_____________|_____________|
|   jmp label4|           18|         dead|            0|           51|
|_____________|_____________|_____________|_____________|_____________|
|      label3:|           -2|            0|            0|           -2|
|_____________|_____________|_____________|_____________|_____________|
|     push [6]|          161|            6|            0|           -2|
|_____________|_____________|_____________|_____________|_____________|
|          out|            3|            0|            0|           -2|
|_____________|_____________|_____________|_____________|_____________|
|      label4:|           -2|            0|            0|           -2|
|_____________|_____________|_____________|_____________|_____________|
|   jmp label5|           18|         dead|            0|           69|
|_____________|_____________|_____________|_____________|_____________|
|      label2:|           -2|            0|            0|           -2|
|_____________|_____________|_____________|_____________|_____________|
|     push [5]|          161|            5|            0|           -2|
|_____________|_____________|_____________|_____________|_____________|
|          out|            3|            0|            0|           -2|
|_____________|_____________|_____________|_____________|_____________|
|       push 0|           33|            0|            0|           -2|
|_____________|_____________|_____________|_____________|_____________|
|     push [2]|          161|            2|            0|           -2|
|_____________|_____________|_____________|_____________|_____________|
|          sub|            6|            0|            0|           -2|
|_____________|_____________|_____________|_____________|_____________|
|     push [1]|          161|            1|            0|           -2|
|_____________|_____________|_____________|_____________|_____________|
|          div|            8|            0|            0|           -2|
|_____________|_____________|_____________|_____________|_____________|
|      pop [7]|          162|            7|            0|           -2|
|_____________|_____________|_____________|_____________|_____________|
|     push [7]|          161|            7|            0|           -2|
|_____________|_____________|_____________|_____________|_____________|
|          out|            3|            0|            0|           -2|
|_____________|_____________|_____________|_____________|_____________|
|      label5:|           -2|            0|            0|           -2|
|_____________|_____________|_____________|_____________|_____________|
|   jmp label6|           18|         dead|            0|          165|
|_____________|_____________|_____________|_____________|_____________|
|      label1:|           -2|            0|            0|           -2|
|_____________|_____________|_____________|_____________|_____________|
|     push [1]|          161|            1|            0|           -2|
|_____________|_____________|_____________|_____________|_____________|
|     push [1]|          161|            1|            0|           -2|
|_____________|_____________|_____________|_____________|_____________|
|          mul|            7|            0|            0|           -2|
|_____________|_____________|_____________|_____________|_____________|
|       push 4|           33|            4|            0|           -2|
|_____________|_____________|_____________|_____________|_____________|
|     push [0]|          161|            0|            0|           -2|
|_____________|_____________|_____________|_____________|_____________|
|          mul|            7|            0|            0|           -2|
|_____________|_____________|_____________|_____________|_____________|
|     push [2]|          161|            2|            0|           -2|
|_____________|_____________|_____________|_____________|_____________|
|          mul|            7|            0|            0|           -2|
|_____________|_____________|_____________|_____________|_____________|
|          sub|            6|            0|            0|           -2|
|_____________|_____________|_____________|_____________|_____________|
|      pop [8]|          162|            8|            0|           -2|
|_____________|_____________|_____________|_____________|_____________|
|     push [8]|          161|            8|            0|           -2|
|_____________|_____________|_____________|_____________|_____________|
|       push 0|           33|            0|            0|           -2|
|_____________|_____________|_____________|_____________|_____________|
|   jae label7|           13|         dead|            0|           98|
|_____________|_____________|_____________|_____________|_____________|
|     push [6]|          161|            6|            0|           -2|
|_____________|_____________|_____________|_____________|_____________|
|          out|            3|            0|            0|           -2|
|_____________|_____________|_____________|_____________|_____________|
|   jmp label9|           18|         dead|            0|          165|
|_____________|_____________|_____________|_____________|_____________|
|      label7:|           -2|            0|            0|           -2|
|_____________|_____________|_____________|_____________|_____________|
|     push [8]|          161|            8|            0|           -2|
|_____________|_____________|_____________|_____________|_____________|
|       push 0|           33|            0|            0|           -2|
|_____________|_____________|_____________|_____________|_____________|
|   jne label8|           17|         dead|            0|          125|
|_____________|_____________|_____________|_____________|_____________|
|     push [5]|          161|            5|            0|           -2|
|_____________|_____________|_____________|_____________|_____________|
|          out|            3|            0|            0|           -2|
|_____________|_____________|_____________|_____________|_____________|
|       push 0|           33|            0|            0|           -2|
|_____________|_____________|_____________|_____________|_____________|
|     push [1]|          161|            1|            0|           -2|
|_____________|_____________|_____________|_____________|_____________|
|          sub|            6|            0|            0|           -2|
|_____________|_____________|_____________|_____________|_____________|
|       push 2|           33|            2|            0|           -2|
|_____________|_____________|_____________|_____________|_____________|
|     push [0]|          161|            0|            0|           -2|
|_____________|_____________|_____________|_____________|_____________|
|          mul|            7|            0|            0|           -2|
|_____________|_____________|_____________|_____________|_____________|
|          div|            8|            0|            0|           -2|
|_____________|_____________|_____________|_____________|_____________|
|      pop [7]|          162|            7|            0|           -2|
|_____________|_____________|_____________|_____________|_____________|
|     push [7]|          161|            7|            0|           -2|
|_____________|_____________|_____________|_____________|_____________|
|          out|            3|            0|            0|           -2|
|_____________|_____________|_____________|_____________|_____________|
|   jmp label9|           18|         dead|            0|          165|
|_____________|_____________|_____________|_____________|_____________|
|      label8:|           -2|            0|            0|           -2|
|_____________|_____________|_____________|_____________|_____________|
|       push 0|           33|            0|            0|           -2|
|_____________|_____________|_____________|_____________|_____________|
|     push [1]|          161|            1|            0|           -2|
|_____________|_____________|_____________|_____________|_____________|
|          sub|            6|            0|            0|           -2|
|_____________|_____________|_____________|_____________|_____________|
|     push [8]|          161|            8|            0|           -2|
|_____________|_____________|_____________|_____________|_____________|
|         sqrt|            9|            0|            0|           -2|
|_____________|_____________|_____________|_____________|_____________|
|          add|            5|            0|            0|           -2|
|_____________|_____________|_____________|_____________|_____________|
|       push 2|           33|            2|            0|           -2|
|_____________|_____________|_____________|_____________|_____________|
|     push [0]|          161|            0|            0|           -2|
|_____________|_____________|_____________|_____________|_____________|
|          mul|            7|            0|            0|           -2|
|_____________|_____________|_____________|_____________|_____________|
|          div|            8|            0|            0|           -2|
|_____________|_____________|_____________|_____________|_____________|
|      pop [9]|          162|            9|            0|           -2|
|_____________|_____________|_____________|_____________|_____________|
|       push 0|           33|            0|            0|           -2|
|_____________|_____________|_____________|_____________|_____________|
|     push [1]|          161|            1|            0|           -2|
|_____________|_____________|_____________|_____________|_____________|
|          sub|            6|            0|            0|           -2|
|_____________|_____________|_____________|_____________|_____________|
|     push [8]|          161|            8|            0|           -2|
|_____________|_____________|_____________|_____________|_____________|
|         sqrt|            9|            0|            0|           -2|
|_____________|_____________|_____________|_____________|_____________|
|          sub|            6|            0|            0|           -2|
|_____________|_____________|_____________|_____________|_____________|
|       push 2|           33|            2|            0|           -2|
|_____________|_____________|_____________|_____________|_____________|
|     push [0]|          161|            0|            0|           -2|
|_____________|_____________|_____________|_____________|_____________|
|          mul|            7|            0|            0|           -2|
|_____________|_____________|_____________|_____________|_____________|
|          div|            8|            0|            0|           -2|
|_____________|_____________|_____________|_____________|_____________|
|     pop [10]|          162|            a|            0|           -2|
|_____________|_____________|_____________|_____________|_____________|
|     push [9]|          161|            9|            0|           -2|
|_____________|_____________|_____________|_____________|_____________|
|          out|            3|            0|            0|           -2|
|_____________|_____________|_____________|_____________|_____________|
|    push [10]|          161|            a|            0|           -2|
|_____________|_____________|_____________|_____________|_____________|
|          out|            3|            0|            0|           -2|
|_____________|_____________|_____________|_____________|_____________|
|      label9:|           -2|            0|            0|           -2|
|_____________|_____________|_____________|_____________|_____________|
|      label6:|           -2|            0|            0|           -2|
|_____________|_____________|_____________|_____________|_____________|

labels table:

address: 71 name: label1:
address: 53 name: label2:
address: 48 name: label3:
address: 51 name: label4:
address: 69 name: label5:
address: 165 name: label6:
address: 98 name: label7:
address: 165 name: label9:
address: 125 name: label8:
address: -2 name: (null)
address: -2 name: (null)
address: -2 name: (null)
address: -2 name: (null)
address: -2 name: (null)
address: -2 name: (null)
address: -2 name: (null)
address: -2 name: (null)
address: -2 name: (null)
address: -2 name: (null)
address: -2 name: (null)

output buffer:

4 162 0 4 162 1 4 162 2 33 3 162 3 33 2 162 4 33 1 162 5 33 0 162 6 161 0 33 0 17 71 161 1 33 0 17 53 161 2 33 0 17 48 161 3 3 18 51 161 6 3 18 69 161 5 3 33 0 161 2 6 161 1 8 162 7 161 7 3 18 165 161 1 161 1 7 33 4 161 0 7 161 2 7 6 162 8 161 8 33 0 13 98 161 6 3 18 165 161 8 33 0 17 125 161 5 3 33 0 161 1 6 33 2 161 0 7 8 162 7 161 7 3 18 165 33 0 161 1 6 161 8 9 5 33 2 161 0 7 8 162 9 33 0 161 1 6 161 8 9 6 33 2 161 0 7 8 162 10 161 9 3 161 10 3 
number of commands: 107
mumber of words: 165

commands table:

______________________________________________________________________
|    cmd:     |   cmd code: |hex argument:|  register:  |   label:    |
|_____________|_____________|_____________|_____________|_____________|
|           in|            4|            0|            0|           -2|
|_____________|_____________|_____________|_____________|_____________|
|      pop [0]|          162|            0|            0|           -2|
|_____________|_____________|_____________|_____________|_____________|
|           in|            4|            0|            0|           -2|
|_____________|_____________|_____________|_____________|_____________|
|      pop [1]|          162|            1|            0|           -2|
|_____________|_____________|_____________|_____________|_____________|
|           in|            4|            0|            0|           -2|
|_____________|_____________|_____________|_____________|_____________|
|      pop [2]|          162|            2|            0|           -2|
|_____________|_____________|_____________|_____________|_____________|
|       push 3|           33|            3|            0|           -2|
|_____________|_____________|_____________|_____________|_____________|
|      pop [3]|          162|            3|            0|           -2|
|_____________|_____________|_____________|_____________|_____________|
|       push 2|           33|            2|            0|           -2|
|_____________|_____________|_____________|_____________|_____________|
|      pop [4]|          162|            4|            0|           -2|
|_____________|_____________|_____________|_____________|_____________|
|       push 1|           33|            1|            0|           -2|
|_____________|_____________|_____________|_____________|_____________|
|      pop [5]|          162|            5|            0|           -2|
|_____________|_____________|_____________|_____________|_____________|
|       push 0|           33|            0|            0|           -2|
|_____________|_____________|_____________|_____________|_____________|
|      pop [6]|          162|            6|            0|           -2|
|_____________|_____________|_____________|_____________|_____________|
|     push [0]|          161|            0|            0|           -2|
|_____________|_____________|_____________|_____________|_____________|
|       push 0|           33|            0|            0|           -2|
|_____________|_____________|_____________|_____________|_____________|
|   jne label1|           17|         dead|            0|           71|
|_____________|_____________|_____________|_____________|_____________|
|     push [1]|          161|            1|            0|           -2|
|_____________|_____________|_____________|_____________|_____________|
|       push 0|           33|            0|            0|           -2|
|_____________|_____________|_____________|_____________|_____________|
|   jne label2|           17|         dead|            0|           53|
|_____________|_____________|_____________|_____________|_____________|
|     push [2]|          161|            2|            0|           -2|
|_____________|_____________|_____________|_____________|_____________|
|       push 0|           33|            0|            0|           -2|
|_____________|_____________|_____________|_____________|_____________|
|   jne label3|           17|         dead|            0|           48|
|_____________|_____________|_____________|_____________|_____________|
|     push [3]|          161|            3|            0|           -2|
|_____________|_____________|_____________|_____________|_____________|
|          out|            3|            0|            0|           -2|
|_____________|_____________|_____________|_____________|_____________|
|   jmp label4|           18|         dead|            0|           51|
|_____________|_____________|_____________|_____________|_____________|
|      label3:|           -2|            0|            0|           -2|
|_____________|_____________|_____________|_____________|_____________|
|     push [6]|          161|            6|            0|           -2|
|_____________|_____________|_____________|_____________|_____________|
|          out|            3|            0|            0|           -2|
|_____________|_____________|_____________|_____________|_____________|
|      label4:|           -2|            0|            0|           -2|
|_____________|_____________|_____________|_____________|_____________|
|   jmp label5|           18|         dead|            0|           69|
|_____________|_____________|_____________|_____________|_____________|
|      label2:|           -2|            0|            0|           -2|
|_____________|_____________|_____________|_____________|_____________|
|     push [5]|          161|            5|            0|           -2|
|_____________|_____________|_____________|_____________|_____________|
|          out|            3|            0|            0|           -2|
|_____________|_____________|_____________|_____________|_____________|
|       push 0|           33|            0|            0|           -2|
|_____________|_____________|_____________|_____________|_____________|
|     push [2]|          161|            2|            0|           -2|
|_____________|_____________|_____________|_____________|_____________|
|          sub|            6|            0|            0|           -2|
|_____________|_____________|_____________|_____________|_____________|
|     push [1]|          161|            1|            0|           -2|
|_____________|_____________|_____________|_____________|_____________|
|          div|            8|            0|            0|           -2|
|_____________|_____________|_____________|_____________|_____________|
|      pop [7]|          162|            7|            0|           -2|
|_____________|_____________|_____________|_____________|_____________|
|     push [7]|          161|            7|            0|           -2|
|_____________|_____________|_____________|_____________|_____________|
|          out|            3|            0|            0|           -2|
|_____________|_____________|_____________|_____________|_____________|
|      label5:|           -2|            0|            0|           -2|
|_____________|_____________|_____________|_____________|_____________|
|   jmp label6|           18|         dead|            0|          165|
|_____________|_____________|_____________|_____________|_____________|
|      label1:|           -2|            0|            0|           -2|
|_____________|_____________|_____________|_____________|_____________|
|     push [1]|          161|            1|            0|           -2|
|_____________|_____________|_____________|_____________|_____________|
|     push [1]|          161|            1|            0|           -2|
|_____________|_____________|_____________|_____________|_____________|
|          mul|            7|            0|            0|           -2|
|_____________|_____________|_____________|_____________|_____________|
|       push 4|           33|            4|            0|           -2|
|_____________|_____________|_____________|_____________|_____________|
|     push [0]|          161|            0|            0|           -2|
|_____________|_____________|_____________|_____________|_____________|
|          mul|            7|            0|            0|           -2|
|_____________|_____________|_____________|_____________|_____________|
|     push [2]|          161|            2|            0|           -2|
|_____________|_____________|_____________|_____________|_____________|
|          mul|            7|            0|            0|           -2|
|_____________|_____________|_____________|_____________|_____________|
|          sub|            6|            0|            0|           -2|
|_____________|_____________|_____________|_____________|_____________|
|      pop [8]|          162|            8|            0|           -2|
|_____________|_____________|_____________|_____________|_____________|
|     push [8]|          161|            8|            0|           -2|
|_____________|_____________|_____________|_____________|_____________|
|       push 0|           33|            0|            0|           -2|
|_____________|_____________|_____________|_____________|_____________|
|   jae label7|           13|         dead|            0|           98|
|_____________|_____________|_____________|_____________|_____________|
|     push [6]|          161|            6|            0|           -2|
|_____________|_____________|_____________|_____________|_____________|
|          out|            3|            0|            0|           -2|
|_____________|_____________|_____________|_____________|_____________|
|   jmp label9|           18|         dead|            0|          165|
|_____________|_____________|_____________|_____________|_____________|
|      label7:|           -2|            0|            0|           -2|
|_____________|_____________|_____________|_____________|_____________|
|     push [8]|          161|            8|            0|           -2|
|_____________|_____________|_____________|_____________|_____________|
|       push 0|           33|            0|            0|           -2|
|_____________|_____________|_____________|_____________|_____________|
|   jne label8|           17|         dead|            0|          125|
|_____________|_____________|_____________|_____________|_____________|
|     push [5]|          161|            5|            0|           -2|
|_____________|_____________|_____________|_____________|_____________|
|          out|            3|            0|            0|           -2|
|_____________|_____________|_____________|_____________|_____________|
|       push 0|           33|            0|            0|           -2|
|_____________|_____________|_____________|_____________|_____________|
|     push [1]|          161|            1|            0|           -2|
|_____________|_____________|_____________|_____________|_____________|
|          sub|            6|            0|            0|           -2|
|_____________|_____________|_____________|_____________|_____________|
|       push 2|           33|            2|            0|           -2|
|_____________|_____________|_____________|_____________|_____________|
|     push [0]|          161|            0|            0|           -2|
|_____________|_____________|_____________|_____________|_____________|
|          mul|            7|            0|            0|           -2|
|_____________|_____________|_____________|_____________|_____________|
|          div|            8|            0|            0|           -2|
|_____________|_____________|_____________|_____________|_____________|
|      pop [7]|          162|            7|            0|           -2|
|_____________|_____________|_____________|_____________|_____________|
|     push [7]|          161|            7|            0|           -2|
|_____________|_____________|_____________|_____________|_____________|
|          out|            3|            0|            0|           -2|
|_____________|_____________|_____________|_____________|_____________|
|   jmp label9|           18|         dead|            0|          165|
|_____________|_____________|_____________|_____________|_____________|
|      label8:|           -2|            0|            0|           -2|
|_____________|_____________|_____________|_____________|_____________|
|       push 0|           33|            0|            0|           -2|
|_____________|_____________|_____________|_____________|_____________|
|     push [1]|          161|            1|            0|           -2|
|_____________|_____________|_____________|_____________|_____________|
|          sub|            6|            0|            0|           -2|
|_____________|_____________|_____________|_____________|_____________|
|     push [8]|          161|            8|            0|           -2|
|_____________|_____________|_____________|_____________|_____________|
|         sqrt|            9|            0|            0|           -2|
|_____________|_____________|_____________|_____________|_____________|
|          add|            5|            0|            0|           -2|
|_____________|_____________|_____________|_____________|_____________|
|       push 2|           33|            2|            0|           -2|
|_____________|_____________|_____________|_____________|_____________|
|     push [0]|          161|            0|            0|           -2|
|_____________|_____________|_____________|_____________|_____________|
|          mul|            7|            0|            0|           -2|
|_____________|_____________|_____________|_____________|_____________|
|          div|            8|            0|            0|           -2|
|_____________|_____________|_____________|_____________|_____________|
|      pop [9]|          162|            9|            0|           -2|
|_____________|_____________|_____________|_____________|_____________|
|       push 0|           33|            0|            0|           -2|
|_____________|_____________|_____________|_____________|_____________|
|     push [1]|          161|            1|            0|           -2|
|_____________|_____________|_____________|_____________|_____________|
|          sub|            6|            0|            0|           -2|
|_____________|_____________|_____________|_____________|_____________|
|     push [8]|          161|            8|            0|           -2|
|_____________|_____________|_____________|_____________|_____________|
|         sqrt|            9|            0|            0|           -2|
|_____________|_____________|_____________|_____________|_____________|
|          sub|            6|            0|            0|           -2|
|_____________|_____________|_____________|_____________|_____________|
|       push 2|           33|            2|            0|           -2|
|_____________|_____________|_____________|_____________|_____________|
|     push [0]|          161|            0|            0|           -2|
|_____________|_____________|_____________|_____________|_____________|
|          mul|            7|            0|            0|           -2|
|_____________|_____________|_____________|_____________|_____________|
|          div|            8|            0|            0|           -2|
|_____________|_____________|_____________|_____________|_____________|
|     pop [10]|          162|            a|            0|           -2|
|_____________|_____________|_____________|_____________|_____________|
|     push [9]|          161|            9|            0|           -2|
|_____________|_____________|_____________|_____________|_____________|
|          out|            3|            0|            0|           -2|
|_____________|_____________|_____________|_____________|_____________|
|    push [10]|          161|            a|            0|           -2|
|_____________|_____________|_____________|_____________|_____________|
|          out|            3|            0|            0|           -2|
|_____________|_____________|_____________|_____________|_____________|
|      label9:|           -2|            0|            0|           -2|
|_____________|_____________|_____________|_____________|_____________|
|      label6:|           -2|            0|            0|           -2|
|_____________|_____________|_____________|_____________|_____________|

labels table:

address: 71 name: label1:
address: 53 name: label2:
address: 48 name: label3:
address: 51 name: label4:
address: 69 name: label5:
address: 165 name: label6:
address: 98 name: label7:
address: 165 name: label9:
address: 125 name: label8:
address: -2 name: (null)
address: -2 name: (null)
address: -2 name: (null)
address: -2 name: (null)
address: -2 name: (null)
address: -2 name: (null)
address: -2 name: (null)
address: -2 name: (null)
address: -2 name: (null)
address: -2 name: (null)
address: -2 name: (null)

output buffer:

4 162 0 4 162 1 4 162 2 33 3 162 3 33 2 162 4 33 1 162 5 33 0 162 6 161 0 33 0 17 71 161 1 33 0 17 53 161 2 33 0 17 48 161 3 3 18 51 161 6 3 18 69 161 5 3 33 0 161 2 6 161 1 8 162 7 161 7 3 18 165 161 1 161 1 7 33 4 161 0 7 161 2 7 6 162 8 161 8 33 0 13 98 161 6 3 18 165 161 8 33 0 17 125 161 5 3 33 0 161 1 6 33 2 161 0 7 8 162 7 161 7 3 18 165 33 0 161 1 6 161 8 9 5 33 2 161 0 7 8 162 9 33 0 161 1 6 161 8 9 6 33 2 161 0 7 8 162 10 161 9 3 161 10 3 
number of commands: 34
mumber of words: 55

commands table:

______________________________________________________________________
|    cmd:     |   cmd code: |hex argument:|  register:  |   label:    |
|_____________|_____________|_____________|_____________|_____________|
|           in|            4|            0|            0|           -2|
|_____________|_____________|_____________|_____________|_____________|
|      pop [0]|          162|            0|            0|           -2|
|_____________|_____________|_____________|_____________|_____________|
|       push 1|           33|            1|            0|           -2|
|_____________|_____________|_____________|_____________|_____________|
|      pop [0]|          162|            0|            0|           -2|
|_____________|_____________|_____________|_____________|_____________|
|       push 2|           33|            2|            0|           -2|
|_____________|_____________|_____________|_____________|_____________|
|      pop [1]|          162|            1|            0|           -2|
|_____________|_____________|_____________|_____________|_____________|
|       loop1:|           -2|            0|            0|           -2|
|_____________|_____________|_____________|_____________|_____________|
|     push [0]|          161|            0|            0|           -2|
|_____________|_____________|_____________|_____________|_____________|
|       push 5|           33|            5|            0|           -2|
|_____________|_____________|_____________|_____________|_____________|
|   jae label1|           13|         dead|            0|           55|
|_____________|_____________|_____________|_____________|_____________|
|       loop2:|           -2|            0|            0|           -2|
|_____________|_____________|_____________|_____________|_____________|
|     push [1]|          161|            1|            0|           -2|
|_____________|_____________|_____________|_____________|_____________|
|     push [0]|          161|            0|            0|           -2|
|_____________|_____________|_____________|_____________|_____________|
|   jae label2|           13|         dead|            0|           39|
|_____________|_____________|_____________|_____________|_____________|
|     push [1]|          161|            1|            0|           -2|
|_____________|_____________|_____________|_____________|_____________|
|     push [0]|          161|            0|            0|           -2|
|_____________|_____________|_____________|_____________|_____________|
|          mul|            7|            0|            0|           -2|
|_____________|_____________|_____________|_____________|_____________|
|      pop [1]|          162|            1|            0|           -2|
|_____________|_____________|_____________|_____________|_____________|
|     push [1]|          161|            1|            0|           -2|
|_____________|_____________|_____________|_____________|_____________|
|       push 1|           33|            1|            0|           -2|
|_____________|_____________|_____________|_____________|_____________|
|          add|            5|            0|            0|           -2|
|_____________|_____________|_____________|_____________|_____________|
|      pop [1]|          162|            1|            0|           -2|
|_____________|_____________|_____________|_____________|_____________|
|    jmp loop2|           18|         dead|            0|           17|
|_____________|_____________|_____________|_____________|_____________|
|      label2:|           -2|            0|            0|           -2|
|_____________|_____________|_____________|_____________|_____________|
|     push [1]|          161|            1|            0|           -2|
|_____________|_____________|_____________|_____________|_____________|
|          out|            3|            0|            0|           -2|
|_____________|_____________|_____________|_____________|_____________|
|       push 1|           33|            1|            0|           -2|
|_____________|_____________|_____________|_____________|_____________|
|      pop [1]|          162|            1|            0|           -2|
|_____________|_____________|_____________|_____________|_____________|
|     push [0]|          161|            0|            0|           -2|
|_____________|_____________|_____________|_____________|_____________|
|       push 1|           33|            1|            0|           -2|
|_____________|_____________|_____________|_____________|_____________|
|          add|            5|            0|            0|           -2|
|_____________|_____________|_____________|_____________|_____________|
|      pop [0]|          162|            0|            0|           -2|
|_____________|_____________|_____________|_____________|_____________|
|    jmp loop1|           18|         dead|            0|           11|
|_____________|_____________|_____________|_____________|_____________|
|      label1:|           -2|            0|            0|           -2|
|_____________|_____________|_____________|_____________|_____________|

labels table:

address: 11 name: loop1:
address: 55 name: label1:
address: 17 name: loop2:
address: 39 name: label2:
address: -2 name: (null)
address: -2 name: (null)
address: -2 name: (null)
address: -2 name: (null)
address: -2 name: (null)
address: -2 name: (null)
address: -2 name: (null)
address: -2 name: (null)
address: -2 name: (null)
address: -2 name: (null)
address: -2 name: (null)
address: -2 name: (null)
address: -2 name: (null)
address: -2 name: (null)
address: -2 name: (null)
address: -2 name: (null)

output buffer:

4 162 0 33 1 162 0 33 2 162 1 161 0 33 5 13 55 161 1 161 0 13 39 161 1 161 0 7 162 1 161 1 33 1 5 162 1 18 17 161 1 3 33 1 162 1 161 0 33 1 5 162 0 18 11 
number of commands: 20
mumber of words: 32

commands table:

______________________________________________________________________
|    cmd:     |   cmd code: |hex argument:|  register:  |   label:    |
|_____________|_____________|_____________|_____________|_____________|
|           in|            4|            0|            0|           -2|
|_____________|_____________|_____________|_____________|_____________|
|      pop [0]|          162|            0|            0|           -2|
|_____________|_____________|_____________|_____________|_____________|
|       push 1|           33|            1|            0|           -2|
|_____________|_____________|_____________|_____________|_____________|
|      pop [1]|          162|            1|            0|           -2|
|_____________|_____________|_____________|_____________|_____________|
|       loop1:|           -2|            0|            0|           -2|
|_____________|_____________|_____________|_____________|_____________|
|     push [0]|          161|            0|            0|           -2|
|_____________|_____________|_____________|_____________|_____________|
|       push 1|           33|            1|            0|           -2|
|_____________|_____________|_____________|_____________|_____________|
|    jb label1|           14|         dead|            0|           29|
|_____________|_____________|_____________|_____________|_____________|
|     push [0]|          161|            0|            0|           -2|
|_____________|_____________|_____________|_____________|_____________|
|     push [1]|          161|            1|            0|           -2|
|_____________|_____________|_____________|_____________|_____________|
|          mul|            7|            0|            0|           -2|
|_____________|_____________|_____________|_____________|_____________|
|      pop [1]|          162|            1|            0|           -2|
|_____________|_____________|_____________|_____________|_____________|
|     push [0]|          161|            0|            0|           -2|
|_____________|_____________|_____________|_____________|_____________|
|       push 1|           33|            1|            0|           -2|
|_____________|_____________|_____________|_____________|_____________|
|          sub|            6|            0|            0|           -2|
|_____________|_____________|_____________|_____________|_____________|
|      pop [0]|          162|            0|            0|           -2|
|_____________|_____________|_____________|_____________|_____________|
|    jmp loop1|           18|         dead|            0|            7|
|_____________|_____________|_____________|_____________|_____________|
|      label1:|           -2|            0|            0|           -2|
|_____________|_____________|_____________|_____________|_____________|
|     push [1]|          161|            1|            0|           -2|
|_____________|_____________|_____________|_____________|_____________|
|          out|            3|            0|            0|           -2|
|_____________|_____________|_____________|_____________|_____________|

labels table:

address: 7 name: loop1:
address: 29 name: label1:
address: -2 name: (null)
address: -2 name: (null)
address: -2 name: (null)
address: -2 name: (null)
address: -2 name: (null)
address: -2 name: (null)
address: -2 name: (null)
address: -2 name: (null)
address: -2 name: (null)
address: -2 name: (null)
address: -2 name: (null)
address: -2 name: (null)
address: -2 name: (null)
address: -2 name: (null)
address: -2 name: (null)
address: -2 name: (null)
address: -2 name: (null)
address: -2 name: (null)

output buffer:

4 162 0 33 1 162 1 161 0 33 1 14 29 161 0 161 1 7 162 1 161 0 33 1 6 162 0 18 7 161 1 3 
number of commands: 34
mumber of words: 55

commands table:

______________________________________________________________________
|    cmd:     |   cmd code: |hex argument:|  register:  |   label:    |
|_____________|_____________|_____________|_____________|_____________|
|           in|            4|            0|            0|           -2|
|_____________|_____________|_____________|_____________|_____________|
|      pop [0]|          162|            0|            0|           -2|
|_____________|_____________|_____________|_____________|_____________|
|       push 1|           33|            1|            0|           -2|
|_____________|_____________|_____________|_____________|_____________|
|      pop [1]|          162|            1|            0|           -2|
|_____________|_____________|_____________|_____________|_____________|
|       loop1:|           -2|            0|            0|           -2|
|_____________|_____________|_____________|_____________|_____________|
|     push [1]|          161|            1|            0|           -2|
|_____________|_____________|_____________|_____________|_____________|
|     push [0]|          161|            0|            0|           -2|
|_____________|_____________|_____________|_____________|_____________|
|    ja label1|           12|         dead|            0|           55|
|_____________|_____________|_____________|_____________|_____________|
|       push 1|           33|            1|            0|           -2|
|_____________|_____________|_____________|_____________|_____________|
|      pop [2]|          162|            2|            0|           -2|
|_____________|_____________|_____________|_____________|_____________|
|     push [1]|          161|            1|            0|           -2|
|_____________|_____________|_____________|_____________|_____________|
|      pop [3]|          162|            3|            0|           -2|
|_____________|_____________|_____________|_____________|_____________|
|       loop2:|           -2|            0|            0|           -2|
|_____________|_____________|_____________|_____________|_____________|
|     push [3]|          161|            3|            0|           -2|
|_____________|_____________|_____________|_____________|_____________|
|       push 1|           33|            1|            0|           -2|
|_____________|_____________|_____________|_____________|_____________|
|    jb label2|           14|         dead|            0|           43|
|_____________|_____________|_____________|_____________|_____________|
|     push [3]|          161|            3|            0|           -2|
|_____________|_____________|_____________|_____________|_____________|
|     push [2]|          161|            2|            0|           -2|
|_____________|_____________|_____________|_____________|_____________|
|          mul|            7|            0|            0|           -2|
|_____________|_____________|_____________|_____________|_____________|
|      pop [2]|          162|            2|            0|           -2|
|_____________|_____________|_____________|_____________|_____________|
|     push [3]|          161|            3|            0|           -2|
|_____________|_____________|_____________|_____________|_____________|
|       push 1|           33|            1|            0|           -2|
|_____________|_____________|_____________|_____________|_____________|
|          sub|            6|            0|            0|           -2|
|_____________|_____________|_____________|_____________|_____________|
|      pop [3]|          162|            3|            0|           -2|
|_____________|_____________|_____________|_____________|_____________|
|    jmp loop2|           18|         dead|            0|           21|
|_____________|_____________|_____________|_____________|_____________|
|      label2:|           -2|            0|            0|           -2|
|_____________|_____________|_____________|_____________|_____________|
|     push [2]|          161|            2|            0|           -2|
|_____________|_____________|_____________|_____________|_____________|
|          out|            3|            0|            0|           -2|
|_____________|_____________|_____________|_____________|_____________|
|     push [1]|          161|            1|            0|           -2|
|_____________|_____________|_____________|_____________|_____________|
|       push 1|           33|            1|            0|           -2|
|_____________|_____________|_____________|_____________|_____________|
|          add|            5|            0|            0|           -2|
|_____________|_____________|_____________|_____________|_____________|
|      pop [1]|          162|            1|            0|           -2|
|_____________|_____________|_____________|_____________|_____________|
|    jmp loop1|           18|         dead|            0|            7|
|_____________|_____________|_____________|_____________|_____________|
|      label1:|           -2|            0|            0|           -2|
|_____________|_____________|_____________|_____________|_____________|

labels table:

address: 7 name: loop1:
address: 55 name: label1:
address: 21 name: loop2:
address: 43 name: label2:
address: -2 name: (null)
address: -2 name: (null)
address: -2 name: (null)
address: -2 name: (null)
address: -2 name: (null)
address: -2 name: (null)
address: -2 name: (null)
address: -2 name: (null)
address: -2 name: (null)
address: -2 name: (null)
address: -2 name: (null)
address: -2 name: (null)
address: -2 name: (null)
address: -2 name: (null)
address: -2 name: (null)
address: -2 name: (null)

output buffer:

4 162 0 33 1 162 1 161 1 161 0 12 55 33 1 162 2 161 1 162 3 161 3 33 1 14 43 161 3 161 2 7 162 2 161 3 33 1 6 162 3 18 21 161 2 3 161 1 33 1 5 162 1 18 7 
number of commands: 38
mumber of words: 61

commands table:

______________________________________________________________________
|    cmd:     |   cmd code: |hex argument:|  register:  |   label:    |
|_____________|_____________|_____________|_____________|_____________|
|           in|            4|            0|            0|           -2|
|_____________|_____________|_____________|_____________|_____________|
|      pop [0]|          162|            0|            0|           -2|
|_____________|_____________|_____________|_____________|_____________|
|       push 1|           33|            1|            0|           -2|
|_____________|_____________|_____________|_____________|_____________|
|      pop [1]|          162|            1|            0|           -2|
|_____________|_____________|_____________|_____________|_____________|
|       loop1:|           -2|            0|            0|           -2|
|_____________|_____________|_____________|_____________|_____________|
|     push [1]|          161|            1|            0|           -2|
|_____________|_____________|_____________|_____________|_____________|
|     push [0]|          161|            0|            0|           -2|
|_____________|_____________|_____________|_____________|_____________|
|    ja label1|           12|         dead|            0|           61|
|_____________|_____________|_____________|_____________|_____________|
|       push 1|           33|            1|            0|           -2|
|_____________|_____________|_____________|_____________|_____________|
|      pop [2]|          162|            2|            0|           -2|
|_____________|_____________|_____________|_____________|_____________|
|     push [1]|          161|            1|            0|           -2|
|_____________|_____________|_____________|_____________|_____________|
|      pop [3]|          162|            3|            0|           -2|
|_____________|_____________|_____________|_____________|_____________|
|       loop2:|           -2|            0|            0|           -2|
|_____________|_____________|_____________|_____________|_____________|
|     push [3]|          161|            3|            0|           -2|
|_____________|_____________|_____________|_____________|_____________|
|       push 1|           33|            1|            0|           -2|
|_____________|_____________|_____________|_____________|_____________|
|    jb label2|           14|         dead|            0|           43|
|_____________|_____________|_____________|_____________|_____________|
|     push [3]|          161|            3|            0|           -2|
|_____________|_____________|_____________|_____________|_____________|
|     push [2]|          161|            2|            0|           -2|
|_____________|_____________|_____________|_____________|_____________|
|          mul|            7|            0|            0|           -2|
|_____________|_____________|_____________|_____________|_____________|
|      pop [2]|          162|            2|            0|           -2|
|_____________|_____________|_____________|_____________|_____________|
|     push [3]|          161|            3|            0|           -2|
|_____________|_____________|_____________|_____________|_____________|
|       push 1|           33|            1|            0|           -2|
|_____________|_____________|_____________|_____________|_____________|
|          sub|            6|            0|            0|           -2|
|_____________|_____________|_____________|_____________|_____________|
|      pop [3]|          162|            3|            0|           -2|
|_____________|_____________|_____________|_____________|_____________|
|    jmp loop2|           18|         dead|            0|           21|
|_____________|_____________|_____________|_____________|_____________|
|      label2:|           -2|            0|            0|           -2|
|_____________|_____________|_____________|_____________|_____________|
|     push [2]|          161|            2|            0|           -2|
|_____________|_____________|_____________|_____________|_____________|
|      push 24|           33|           18|            0|           -2|
|_____________|_____________|_____________|_____________|_____________|
|    je label3|           16|         dead|            0|           52|
|_____________|_____________|_____________|_____________|_____________|
|     push [2]|          161|            2|            0|           -2|
|_____________|_____________|_____________|_____________|_____________|
|          out|            3|            0|            0|           -2|
|_____________|_____________|_____________|_____________|_____________|
|      label3:|           -2|            0|            0|           -2|
|_____________|_____________|_____________|_____________|_____________|
|     push [1]|          161|            1|            0|           -2|
|_____________|_____________|_____________|_____________|_____________|
|       push 1|           33|            1|            0|           -2|
|_____________|_____________|_____________|_____________|_____________|
|          add|            5|            0|            0|           -2|
|_____________|_____________|_____________|_____________|_____________|
|      pop [1]|          162|            1|            0|           -2|
|_____________|_____________|_____________|_____________|_____________|
|    jmp loop1|           18|         dead|            0|            7|
|_____________|_____________|_____________|_____________|_____________|
|      label1:|           -2|            0|            0|           -2|
|_____________|_____________|_____________|_____________|_____________|

labels table:

address: 7 name: loop1:
address: 61 name: label1:
address: 21 name: loop2:
address: 43 name: label2:
address: 52 name: label3:
address: -2 name: (null)
address: -2 name: (null)
address: -2 name: (null)
address: -2 name: (null)
address: -2 name: (null)
address: -2 name: (null)
address: -2 name: (null)
address: -2 name: (null)
address: -2 name: (null)
address: -2 name: (null)
address: -2 name: (null)
address: -2 name: (null)
address: -2 name: (null)
address: -2 name: (null)
address: -2 name: (null)

output buffer:

4 162 0 33 1 162 1 161 1 161 0 12 61 33 1 162 2 161 1 162 3 161 3 33 1 14 43 161 3 161 2 7 162 2 161 3 33 1 6 162 3 18 21 161 2 33 24 16 52 161 2 3 161 1 33 1 5 162 1 18 7 
number of commands: 52
mumber of words: 83

commands table:

______________________________________________________________________
|    cmd:     |   cmd code: |hex argument:|  register:  |   label:    |
|_____________|_____________|_____________|_____________|_____________|
|           in|            4|            0|            0|           -2|
|_____________|_____________|_____________|_____________|_____________|
|      pop [0]|          162|            0|            0|           -2|
|_____________|_____________|_____________|_____________|_____________|
|       push 1|           33|            1|            0|           -2|
|_____________|_____________|_____________|_____________|_____________|
|      pop [1]|          162|            1|            0|           -2|
|_____________|_____________|_____________|_____________|_____________|
|       loop1:|           -2|            0|            0|           -2|
|_____________|_____________|_____________|_____________|_____________|
|     push [1]|          161|            1|            0|           -2|
|_____________|_____________|_____________|_____________|_____________|
|     push [0]|          161|            0|            0|           -2|
|_____________|_____________|_____________|_____________|_____________|
|    ja label1|           12|         dead|            0|           70|
|_____________|_____________|_____________|_____________|_____________|
|       push 1|           33|            1|            0|           -2|
|_____________|_____________|_____________|_____________|_____________|
|      pop [2]|          162|            2|            0|           -2|
|_____________|_____________|_____________|_____________|_____________|
|     push [1]|          161|            1|            0|           -2|
|_____________|_____________|_____________|_____________|_____________|
|      pop [3]|          162|            3|            0|           -2|
|_____________|_____________|_____________|_____________|_____________|
|       loop2:|           -2|            0|            0|           -2|
|_____________|_____________|_____________|_____________|_____________|
|     push [3]|          161|            3|            0|           -2|
|_____________|_____________|_____________|_____________|_____________|
|       push 1|           33|            1|            0|           -2|
|_____________|_____________|_____________|_____________|_____________|
|    jb label2|           14|         dead|            0|           43|
|_____________|_____________|_____________|_____________|_____________|
|     push [3]|          161|            3|            0|           -2|
|_____________|_____________|_____________|_____________|_____________|
|     push [2]|          161|            2|            0|           -2|
|_____________|_____________|_____________|_____________|_____________|
|          mul|            7|            0|            0|           -2|
|_____________|_____________|_____________|_____________|_____________|
|      pop [2]|          162|            2|            0|           -2|
|_____________|_____________|_____________|_____________|_____________|
|     push [3]|          161|            3|            0|           -2|
|_____________|_____________|_____________|_____________|_____________|
|       push 1|           33|            1|            0|           -2|
|_____________|_____________|_____________|_____________|_____________|
|          sub|            6|            0|            0|           -2|
|_____________|_____________|_____________|_____________|_____________|
|      pop [3]|          162|            3|            0|           -2|
|_____________|_____________|_____________|_____________|_____________|
|    jmp loop2|           18|         dead|            0|           21|
|_____________|_____________|_____________|_____________|_____________|
|      label2:|           -2|            0|            0|           -2|
|_____________|_____________|_____________|_____________|_____________|
|     push [2]|          161|            2|            0|           -2|
|_____________|_____________|_____________|_____________|_____________|
|      push 24|           33|           18|            0|           -2|
|_____________|_____________|_____________|_____________|_____________|
|    je label3|           16|         dead|            0|           54|
|_____________|_____________|_____________|_____________|_____________|
|     push [2]|          161|            2|            0|           -2|
|_____________|_____________|_____________|_____________|_____________|
|          out|            3|            0|            0|           -2|
|_____________|_____________|_____________|_____________|_____________|
|   jmp label4|           18|         dead|            0|           61|
|_____________|_____________|_____________|_____________|_____________|
|      label3:|           -2|            0|            0|           -2|
|_____________|_____________|_____________|_____________|_____________|
|      push 78|           33|           4e|            0|           -2|
|_____________|_____________|_____________|_____________|_____________|
|      pop [4]|          162|            4|            0|           -2|
|_____________|_____________|_____________|_____________|_____________|
|     push [4]|          161|            4|            0|           -2|
|_____________|_____________|_____________|_____________|_____________|
|          out|            3|            0|            0|           -2|
|_____________|_____________|_____________|_____________|_____________|
|      label4:|           -2|            0|            0|           -2|
|_____________|_____________|_____________|_____________|_____________|
|     push [1]|          161|            1|            0|           -2|
|_____________|_____________|_____________|_____________|_____________|
|       push 1|           33|            1|            0|           -2|
|_____________|_____________|_____________|_____________|_____________|
|          add|            5|            0|            0|           -2|
|_____________|_____________|_____________|_____________|_____________|
|      pop [1]|          162|            1|            0|           -2|
|_____________|_____________|_____________|_____________|_____________|
|    jmp loop1|           18|         dead|            0|            7|
|_____________|_____________|_____________|_____________|_____________|
|      label1:|           -2|            0|            0|           -2|
|_____________|_____________|_____________|_____________|_____________|
|     push [2]|          161|            2|            0|           -2|
|_____________|_____________|_____________|_____________|_____________|
|    push 5040|           33|         13b0|            0|           -2|
|_____________|_____________|_____________|_____________|_____________|
|   jne label5|           17|         dead|            0|           83|
|_____________|_____________|_____________|_____________|_____________|
|     push 111|           33|           6f|            0|           -2|
|_____________|_____________|_____________|_____________|_____________|
|      pop [4]|          162|            4|            0|           -2|
|_____________|_____________|_____________|_____________|_____________|
|     push [4]|          161|            4|            0|           -2|
|_____________|_____________|_____________|_____________|_____________|
|          out|            3|            0|            0|           -2|
|_____________|_____________|_____________|_____________|_____________|
|      label5:|           -2|            0|            0|           -2|
|_____________|_____________|_____________|_____________|_____________|

labels table:

address: 7 name: loop1:
address: 70 name: label1:
address: 21 name: loop2:
address: 43 name: label2:
address: 54 name: label3:
address: 61 name: label4:
address: 83 name: label5:
address: -2 name: (null)
address: -2 name: (null)
address: -2 name: (null)
address: -2 name: (null)
address: -2 name: (null)
address: -2 name: (null)
address: -2 name: (null)
address: -2 name: (null)
address: -2 name: (null)
address: -2 name: (null)
address: -2 name: (null)
address: -2 name: (null)
address: -2 name: (null)

output buffer:

4 162 0 33 1 162 1 161 1 161 0 12 70 33 1 162 2 161 1 162 3 161 3 33 1 14 43 161 3 161 2 7 162 2 161 3 33 1 6 162 3 18 21 161 2 33 24 16 54 161 2 3 18 61 33 78 162 4 161 4 3 161 1 33 1 5 162 1 18 7 161 2 33 5040 17 83 33 111 162 4 161 4 3 
number of commands: 52
mumber of words: 83

commands table:

______________________________________________________________________
|    cmd:     |   cmd code: |hex argument:|  register:  |   label:    |
|_____________|_____________|_____________|_____________|_____________|
|           in|            4|            0|            0|           -2|
|_____________|_____________|_____________|_____________|_____________|
|      pop [0]|          162|            0|            0|           -2|
|_____________|_____________|_____________|_____________|_____________|
|       push 1|           33|            1|            0|           -2|
|_____________|_____________|_____________|_____________|_____________|
|      pop [1]|          162|            1|            0|           -2|
|_____________|_____________|_____________|_____________|_____________|
|       loop1:|           -2|            0|            0|           -2|
|_____________|_____________|_____________|_____________|_____________|
|     push [1]|          161|            1|            0|           -2|
|_____________|_____________|_____________|_____________|_____________|
|     push [0]|          161|            0|            0|           -2|
|_____________|_____________|_____________|_____________|_____________|
|    ja label1|           12|         dead|            0|           70|
|_____________|_____________|_____________|_____________|_____________|
|       push 1|           33|            1|            0|           -2|
|_____________|_____________|_____________|_____________|_____________|
|      pop [2]|          162|            2|            0|           -2|
|_____________|_____________|_____________|_____________|_____________|
|     push [1]|          161|            1|            0|           -2|
|_____________|_____________|_____________|_____________|_____________|
|      pop [3]|          162|            3|            0|           -2|
|_____________|_____________|_____________|_____________|_____________|
|       loop2:|           -2|            0|            0|           -2|
|_____________|_____________|_____________|_____________|_____________|
|     push [3]|          161|            3|            0|           -2|
|_____________|_____________|_____________|_____________|_____________|
|       push 1|           33|            1|            0|           -2|
|_____________|_____________|_____________|_____________|_____________|
|    jb label2|           14|         dead|            0|           43|
|_____________|_____________|_____________|_____________|_____________|
|     push [3]|          161|            3|            0|           -2|
|_____________|_____________|_____________|_____________|_____________|
|     push [2]|          161|            2|            0|           -2|
|_____________|_____________|_____________|_____________|_____________|
|          mul|            7|            0|            0|           -2|
|_____________|_____________|_____________|_____________|_____________|
|      pop [2]|          162|            2|            0|           -2|
|_____________|_____________|_____________|_____________|_____________|
|     push [3]|          161|            3|            0|           -2|
|_____________|_____________|_____________|_____________|_____________|
|       push 1|           33|            1|            0|           -2|
|_____________|_____________|_____________|_____________|_____________|
|          sub|            6|            0|            0|           -2|
|_____________|_____________|_____________|_____________|_____________|
|      pop [3]|          162|            3|            0|           -2|
|_____________|_____________|_____________|_____________|_____________|
|    jmp loop2|           18|         dead|            0|           21|
|_____________|_____________|_____________|_____________|_____________|
|      label2:|           -2|            0|            0|           -2|
|_____________|_____________|_____________|_____________|_____________|
|     push [2]|          161|            2|            0|           -2|
|_____________|_____________|_____________|_____________|_____________|
|      push 24|           33|           18|            0|           -2|
|_____________|_____________|_____________|_____________|_____________|
|    je label3|           16|         dead|            0|           54|
|_____________|_____________|_____________|_____________|_____________|
|     push [2]|          161|            2|            0|           -2|
|_____________|_____________|_____________|_____________|_____________|
|          out|            3|            0|            0|           -2|
|_____________|_____________|_____________|_____________|_____________|
|   jmp label4|           18|         dead|            0|           61|
|_____________|_____________|_____________|_____________|_____________|
|      label3:|           -2|            0|            0|           -2|
|_____________|_____________|_____________|_____________|_____________|
|      push 78|           33|           4e|            0|           -2|
|_____________|_____________|_____________|_____________|_____________|
|      pop [4]|          162|            4|            0|           -2|
|_____________|_____________|_____________|_____________|_____________|
|     push [4]|          161|            4|            0|           -2|
|_____________|_____________|_____________|_____________|_____________|
|          out|            3|            0|            0|           -2|
|_____________|_____________|_____________|_____________|_____________|
|      label4:|           -2|            0|            0|           -2|
|_____________|_____________|_____________|_____________|_____________|
|     push [1]|          161|            1|            0|           -2|
|_____________|_____________|_____________|_____________|_____________|
|       push 1|           33|            1|            0|           -2|
|_____________|_____________|_____________|_____________|_____________|
|          add|            5|            0|            0|           -2|
|_____________|_____________|_____________|_____________|_____________|
|      pop [1]|          162|            1|            0|           -2|
|_____________|_____________|_____________|_____________|_____________|
|    jmp loop1|           18|         dead|            0|            7|
|_____________|_____________|_____________|_____________|_____________|
|      label1:|           -2|            0|            0|           -2|
|_____________|_____________|_____________|_____________|_____________|
|     push [2]|          161|            2|            0|           -2|
|_____________|_____________|_____________|_____________|_____________|
|    push 5040|           33|         13b0|            0|           -2|
|_____________|_____________|_____________|_____________|_____________|
|   jne label5|           17|         dead|            0|           83|
|_____________|_____________|_____________|_____________|_____________|
|     push 111|           33|           6f|            0|           -2|
|_____________|_____________|_____________|_____________|_____________|
|      pop [4]|          162|            4|            0|           -2|
|_____________|_____________|_____________|_____________|_____________|
|     push [4]|          161|            4|            0|           -2|
|_____________|_____________|_____________|_____________|_____________|
|          out|            3|            0|            0|           -2|
|_____________|_____________|_____________|_____________|_____________|
|      label5:|           -2|            0|            0|           -2|
|_____________|_____________|_____________|_____________|_____________|

labels table:

address: 7 name: loop1:
address: 70 name: label1:
address: 21 name: loop2:
address: 43 name: label2:
address: 54 name: label3:
address: 61 name: label4:
address: 83 name: label5:
address: -2 name: (null)
address: -2 name: (null)
address: -2 name: (null)
address: -2 name: (null)
address: -2 name: (null)
address: -2 name: (null)
address: -2 name: (null)
address: -2 name: (null)
address: -2 name: (null)
address: -2 name: (null)
address: -2 name: (null)
address: -2 name: (null)
address: -2 name: (null)

output buffer:

4 162 0 33 1 162 1 161 1 161 0 12 70 33 1 162 2 161 1 162 3 161 3 33 1 14 43 161 3 161 2 7 162 2 161 3 33 1 6 162 3 18 21 161 2 33 24 16 54 161 2 3 18 61 33 78 162 4 161 4 3 161 1 33 1 5 162 1 18 7 161 2 33 5040 17 83 33 111 162 4 161 4 3 
number of commands: 53
mumber of words: 84

commands table:

______________________________________________________________________
|    cmd:     |   cmd code: |hex argument:|  register:  |   label:    |
|_____________|_____________|_____________|_____________|_____________|
|           in|            4|            0|            0|           -2|
|_____________|_____________|_____________|_____________|_____________|
|      pop [0]|          162|            0|            0|           -2|
|_____________|_____________|_____________|_____________|_____________|
|       push 1|           33|            1|            0|           -2|
|_____________|_____________|_____________|_____________|_____________|
|      pop [1]|          162|            1|            0|           -2|
|_____________|_____________|_____________|_____________|_____________|
|       loop1:|           -2|            0|            0|           -2|
|_____________|_____________|_____________|_____________|_____________|
|     push [1]|          161|            1|            0|           -2|
|_____________|_____________|_____________|_____________|_____________|
|     push [0]|          161|            0|            0|           -2|
|_____________|_____________|_____________|_____________|_____________|
|    ja label1|           12|         dead|            0|           70|
|_____________|_____________|_____________|_____________|_____________|
|       push 1|           33|            1|            0|           -2|
|_____________|_____________|_____________|_____________|_____________|
|      pop [2]|          162|            2|            0|           -2|
|_____________|_____________|_____________|_____________|_____________|
|     push [1]|          161|            1|            0|           -2|
|_____________|_____________|_____________|_____________|_____________|
|      pop [3]|          162|            3|            0|           -2|
|_____________|_____________|_____________|_____________|_____________|
|       loop2:|           -2|            0|            0|           -2|
|_____________|_____________|_____________|_____________|_____________|
|     push [3]|          161|            3|            0|           -2|
|_____________|_____________|_____________|_____________|_____________|
|       push 1|           33|            1|            0|           -2|
|_____________|_____________|_____________|_____________|_____________|
|    jb label2|           14|         dead|            0|           43|
|_____________|_____________|_____________|_____________|_____________|
|     push [3]|          161|            3|            0|           -2|
|_____________|_____________|_____________|_____________|_____________|
|     push [2]|          161|            2|            0|           -2|
|_____________|_____________|_____________|_____________|_____________|
|          mul|            7|            0|            0|           -2|
|_____________|_____________|_____________|_____________|_____________|
|      pop [2]|          162|            2|            0|           -2|
|_____________|_____________|_____________|_____________|_____________|
|     push [3]|          161|            3|            0|           -2|
|_____________|_____________|_____________|_____________|_____________|
|       push 1|           33|            1|            0|           -2|
|_____________|_____________|_____________|_____________|_____________|
|          sub|            6|            0|            0|           -2|
|_____________|_____________|_____________|_____________|_____________|
|      pop [3]|          162|            3|            0|           -2|
|_____________|_____________|_____________|_____________|_____________|
|    jmp loop2|           18|         dead|            0|           21|
|_____________|_____________|_____________|_____________|_____________|
|      label2:|           -2|            0|            0|           -2|
|_____________|_____________|_____________|_____________|_____________|
|     push [2]|          161|            2|            0|           -2|
|_____________|_____________|_____________|_____________|_____________|
|      push 24|           33|           18|            0|           -2|
|_____________|_____________|_____________|_____________|_____________|
|    je label3|           16|         dead|            0|           54|
|_____________|_____________|_____________|_____________|_____________|
|     push [2]|          161|            2|            0|           -2|
|_____________|_____________|_____________|_____________|_____________|
|          out|            3|            0|            0|           -2|
|_____________|_____________|_____________|_____________|_____________|
|   jmp label4|           18|         dead|            0|           61|
|_____________|_____________|_____________|_____________|_____________|
|      label3:|           -2|            0|            0|           -2|
|_____________|_____________|_____________|_____________|_____________|
|      push 78|           33|           4e|            0|           -2|
|_____________|_____________|_____________|_____________|_____________|
|      pop [4]|          162|            4|            0|           -2|
|_____________|_____________|_____________|_____________|_____________|
|     push [4]|          161|            4|            0|           -2|
|_____________|_____________|_____________|_____________|_____________|
|          out|            3|            0|            0|           -2|
|_____________|_____________|_____________|_____________|_____________|
|      label4:|           -2|            0|            0|           -2|
|_____________|_____________|_____________|_____________|_____________|
|     push [1]|          161|            1|            0|           -2|
|_____________|_____________|_____________|_____________|_____________|
|       push 1|           33|            1|            0|           -2|
|_____________|_____________|_____________|_____________|_____________|
|          add|            5|            0|            0|           -2|
|_____________|_____________|_____________|_____________|_____________|
|      pop [1]|          162|            1|            0|           -2|
|_____________|_____________|_____________|_____________|_____________|
|    jmp loop1|           18|         dead|            0|            7|
|_____________|_____________|_____________|_____________|_____________|
|      label1:|           -2|            0|            0|           -2|
|_____________|_____________|_____________|_____________|_____________|
|     push [2]|          161|            2|            0|           -2|
|_____________|_____________|_____________|_____________|_____________|
|    push 5040|           33|         13b0|            0|           -2|
|_____________|_____________|_____________|_____________|_____________|
|   jne label5|           17|         dead|            0|           83|
|_____________|_____________|_____________|_____________|_____________|
|     push 111|           33|           6f|            0|           -2|
|_____________|_____________|_____________|_____________|_____________|
|      pop [4]|          162|            4|            0|           -2|
|_____________|_____________|_____________|_____________|_____________|
|     push [4]|          161|            4|            0|           -2|
|_____________|_____________|_____________|_____________|_____________|
|          out|            3|            0|            0|           -2|
|_____________|_____________|_____________|_____________|_____________|
|      label5:|           -2|            0|            0|           -2|
|_____________|_____________|_____________|_____________|_____________|
|          hlt|           -1|            0|            0|           -2|
|_____________|_____________|_____________|_____________|_____________|

labels table:

address: 7 name: loop1:
address: 70 name: label1:
address: 21 name: loop2:
address: 43 name: label2:
address: 54 name: label3:
address: 61 name: label4:
address: 83 name: label5:
address: -2 name: (null)
address: -2 name: (null)
address: -2 name: (null)
address: -2 name: (null)
address: -2 name: (null)
address: -2 name: (null)
address: -2 name: (null)
address: -2 name: (null)
address: -2 name: (null)
address: -2 name: (null)
address: -2 name: (null)
address: -2 name: (null)
address: -2 name: (null)

output buffer:

4 162 0 33 1 162 1 161 1 161 0 12 70 33 1 162 2 161 1 162 3 161 3 33 1 14 43 161 3 161 2 7 162 2 161 3 33 1 6 162 3 18 21 161 2 33 24 16 54 161 2 3 18 61 33 78 162 4 161 4 3 161 1 33 1 5 162 1 18 7 161 2 33 5040 17 83 33 111 162 4 161 4 3 -1 
number of commands: 34
mumber of words: 55

commands table:

______________________________________________________________________
|    cmd:     |   cmd code: |hex argument:|  register:  |   label:    |
|_____________|_____________|_____________|_____________|_____________|
|           in|            4|            0|            0|           -2|
|_____________|_____________|_____________|_____________|_____________|
|      pop [0]|          162|            0|            0|           -2|
|_____________|_____________|_____________|_____________|_____________|
|       push 1|           33|            1|            0|           -2|
|_____________|_____________|_____________|_____________|_____________|
|      pop [1]|          162|            1|            0|           -2|
|_____________|_____________|_____________|_____________|_____________|
|       loop1:|           -2|            0|            0|           -2|
|_____________|_____________|_____________|_____________|_____________|
|     push [2]|          161|            2|            0|           -2|
|_____________|_____________|_____________|_____________|_____________|
|     push [0]|          161|            0|            0|           -2|
|_____________|_____________|_____________|_____________|_____________|
|    ja label1|           12|         dead|            0|           55|
|_____________|_____________|_____________|_____________|_____________|
|       push 1|           33|            1|            0|           -2|
|_____________|_____________|_____________|_____________|_____________|
|      pop [3]|          162|            3|            0|           -2|
|_____________|_____________|_____________|_____________|_____________|
|     push [1]|          161|            1|            0|           -2|
|_____________|_____________|_____________|_____________|_____________|
|      pop [4]|          162|            4|            0|           -2|
|_____________|_____________|_____________|_____________|_____________|
|       loop2:|           -2|            0|            0|           -2|
|_____________|_____________|_____________|_____________|_____________|
|     push [4]|          161|            4|            0|           -2|
|_____________|_____________|_____________|_____________|_____________|
|       push 1|           33|            1|            0|           -2|
|_____________|_____________|_____________|_____________|_____________|
|    jb label2|           14|         dead|            0|           43|
|_____________|_____________|_____________|_____________|_____________|
|     push [4]|          161|            4|            0|           -2|
|_____________|_____________|_____________|_____________|_____________|
|     push [3]|          161|            3|            0|           -2|
|_____________|_____________|_____________|_____________|_____________|
|          mul|            7|            0|            0|           -2|
|_____________|_____________|_____________|_____________|_____________|
|      pop [3]|          162|            3|            0|           -2|
|_____________|_____________|_____________|_____________|_____________|
|     push [4]|          161|            4|            0|           -2|
|_____________|_____________|_____________|_____________|_____________|
|       push 1|           33|            1|            0|           -2|
|_____________|_____________|_____________|_____________|_____________|
|          sub|            6|            0|            0|           -2|
|_____________|_____________|_____________|_____________|_____________|
|      pop [4]|          162|            4|            0|           -2|
|_____________|_____________|_____________|_____________|_____________|
|    jmp loop2|           18|         dead|            0|           21|
|_____________|_____________|_____________|_____________|_____________|
|      label2:|           -2|            0|            0|           -2|
|_____________|_____________|_____________|_____________|_____________|
|     push [3]|          161|            3|            0|           -2|
|_____________|_____________|_____________|_____________|_____________|
|          out|            3|            0|            0|           -2|
|_____________|_____________|_____________|_____________|_____________|
|     push [1]|          161|            1|            0|           -2|
|_____________|_____________|_____________|_____________|_____________|
|       push 1|           33|            1|            0|           -2|
|_____________|_____________|_____________|_____________|_____________|
|          add|            5|            0|            0|           -2|
|_____________|_____________|_____________|_____________|_____________|
|      pop [1]|          162|            1|            0|           -2|
|_____________|_____________|_____________|_____________|_____________|
|    jmp loop1|           18|         dead|            0|            7|
|_____________|_____________|_____________|_____________|_____________|
|      label1:|           -2|            0|            0|           -2|
|_____________|_____________|_____________|_____________|_____________|

labels table:

address: 7 name: loop1:
address: 55 name: label1:
address: 21 name: loop2:
address: 43 name: label2:
address: -2 name: (null)
address: -2 name: (null)
address: -2 name: (null)
address: -2 name: (null)
address: -2 name: (null)
address: -2 name: (null)
address: -2 name: (null)
address: -2 name: (null)
address: -2 name: (null)
address: -2 name: (null)
address: -2 name: (null)
address: -2 name: (null)
address: -2 name: (null)
address: -2 name: (null)
address: -2 name: (null)
address: -2 name: (null)

output buffer:

4 162 0 33 1 162 1 161 2 161 0 12 55 33 1 162 3 161 1 162 4 161 4 33 1 14 43 161 4 161 3 7 162 3 161 4 33 1 6 162 4 18 21 161 3 3 161 1 33 1 5 162 1 18 7 
number of commands: 34
mumber of words: 55

commands table:

______________________________________________________________________
|    cmd:     |   cmd code: |hex argument:|  register:  |   label:    |
|_____________|_____________|_____________|_____________|_____________|
|           in|            4|            0|            0|           -2|
|_____________|_____________|_____________|_____________|_____________|
|      pop [0]|          162|            0|            0|           -2|
|_____________|_____________|_____________|_____________|_____________|
|       push 1|           33|            1|            0|           -2|
|_____________|_____________|_____________|_____________|_____________|
|      pop [1]|          162|            1|            0|           -2|
|_____________|_____________|_____________|_____________|_____________|
|       loop1:|           -2|            0|            0|           -2|
|_____________|_____________|_____________|_____________|_____________|
|     push [1]|          161|            1|            0|           -2|
|_____________|_____________|_____________|_____________|_____________|
|     push [0]|          161|            0|            0|           -2|
|_____________|_____________|_____________|_____________|_____________|
|    ja label1|           12|         dead|            0|           55|
|_____________|_____________|_____________|_____________|_____________|
|       push 1|           33|            1|            0|           -2|
|_____________|_____________|_____________|_____________|_____________|
|      pop [2]|          162|            2|            0|           -2|
|_____________|_____________|_____________|_____________|_____________|
|     push [1]|          161|            1|            0|           -2|
|_____________|_____________|_____________|_____________|_____________|
|      pop [3]|          162|            3|            0|           -2|
|_____________|_____________|_____________|_____________|_____________|
|       loop2:|           -2|            0|            0|           -2|
|_____________|_____________|_____________|_____________|_____________|
|     push [3]|          161|            3|            0|           -2|
|_____________|_____________|_____________|_____________|_____________|
|       push 1|           33|            1|            0|           -2|
|_____________|_____________|_____________|_____________|_____________|
|    jb label2|           14|         dead|            0|           43|
|_____________|_____________|_____________|_____________|_____________|
|     push [3]|          161|            3|            0|           -2|
|_____________|_____________|_____________|_____________|_____________|
|     push [2]|          161|            2|            0|           -2|
|_____________|_____________|_____________|_____________|_____________|
|          mul|            7|            0|            0|           -2|
|_____________|_____________|_____________|_____________|_____________|
|      pop [2]|          162|            2|            0|           -2|
|_____________|_____________|_____________|_____________|_____________|
|     push [3]|          161|            3|            0|           -2|
|_____________|_____________|_____________|_____________|_____________|
|       push 1|           33|            1|            0|           -2|
|_____________|_____________|_____________|_____________|_____________|
|          sub|            6|            0|            0|           -2|
|_____________|_____________|_____________|_____________|_____________|
|      pop [3]|          162|            3|            0|           -2|
|_____________|_____________|_____________|_____________|_____________|
|    jmp loop2|           18|         dead|            0|           21|
|_____________|_____________|_____________|_____________|_____________|
|      label2:|           -2|            0|            0|           -2|
|_____________|_____________|_____________|_____________|_____________|
|     push [2]|          161|            2|            0|           -2|
|_____________|_____________|_____________|_____________|_____________|
|          out|            3|            0|            0|           -2|
|_____________|_____________|_____________|_____________|_____________|
|     push [1]|          161|            1|            0|           -2|
|_____________|_____________|_____________|_____________|_____________|
|       push 1|           33|            1|            0|           -2|
|_____________|_____________|_____________|_____________|_____________|
|          add|            5|            0|            0|           -2|
|_____________|_____________|_____________|_____________|_____________|
|      pop [1]|          162|            1|            0|           -2|
|_____________|_____________|_____________|_____________|_____________|
|    jmp loop1|           18|         dead|            0|            7|
|_____________|_____________|_____________|_____________|_____________|
|      label1:|           -2|            0|            0|           -2|
|_____________|_____________|_____________|_____________|_____________|

labels table:

address: 7 name: loop1:
address: 55 name: label1:
address: 21 name: loop2:
address: 43 name: label2:
address: -2 name: (null)
address: -2 name: (null)
address: -2 name: (null)
address: -2 name: (null)
address: -2 name: (null)
address: -2 name: (null)
address: -2 name: (null)
address: -2 name: (null)
address: -2 name: (null)
address: -2 name: (null)
address: -2 name: (null)
address: -2 name: (null)
address: -2 name: (null)
address: -2 name: (null)
address: -2 name: (null)
address: -2 name: (null)

output buffer:

4 162 0 33 1 162 1 161 1 161 0 12 55 33 1 162 2 161 1 162 3 161 3 33 1 14 43 161 3 161 2 7 162 2 161 3 33 1 6 162 3 18 21 161 2 3 161 1 33 1 5 162 1 18 7 
